
2020-09-11T00:56:42.304Z [app] info: height 168 and weight 19
2020-09-11T00:56:43.266Z [app] info: Calling Services
2020-09-11T00:56:44.181Z [app] info: calculate imc
2020-09-11T00:56:44.182Z [app] info: calculate score
2020-09-11T00:56:44.182Z [app] info: build Response
2020-09-11T00:56:44.183Z [app] info: abaixo do peso
2020-09-11T00:56:49.434Z [app] error: next is not a function
2020-09-11T00:57:26.264Z [app] info: height 168 and weight 19
2020-09-11T00:57:58.871Z [app] info: height 168 and weight 19
2020-09-11T00:57:59.575Z [app] info: Calling Services
2020-09-11T00:58:00.305Z [app] info: calculate imc
2020-09-11T00:58:00.306Z [app] info: calculate score
2020-09-11T00:58:00.308Z [app] info: build Response
2020-09-11T00:58:00.309Z [app] info: abaixo do peso
2020-09-11T00:58:16.921Z [app] info: height 168 and weight 19
2020-09-11T00:58:16.925Z [app] info: Calling Services
2020-09-11T00:58:16.926Z [app] info: calculate imc
2020-09-11T00:58:16.927Z [app] info: calculate score
2020-09-11T00:58:16.928Z [app] info: build Response
2020-09-11T00:58:16.929Z [app] info: abaixo do peso
2020-09-11T00:58:59.346Z [app] info: height 168 and weight 19
2020-09-11T00:58:59.350Z [app] info: Calling Services
2020-09-11T00:58:59.354Z [app] error: this.calculat is not a function
2020-09-11T01:02:22.934Z [app] info: height 168 and weight 19
2020-09-11T01:02:22.939Z [app] info: Calling Services
2020-09-11T01:02:22.946Z [app] error: this.calculat is not a function
2020-09-11T01:04:42.619Z [app] info: height 168 and weight 19
2020-09-11T01:04:42.630Z [app] info: Calling Services
2020-09-11T01:04:42.630Z [app] error: this.calculat is not a function
2020-09-11T01:05:02.632Z [app] info: height 169 and weight 19
2020-09-11T01:05:02.632Z [app] info: Calling Services
2020-09-11T01:05:02.633Z [app] error: this.calculat is not a function
2020-09-11T01:05:18.036Z [app] info: height 1689 and weight 19
2020-09-11T01:05:18.037Z [app] info: Calling Services
2020-09-11T01:05:18.038Z [app] error: this.calculat is not a function
2020-09-11T01:05:39.449Z [app] info: height 1689 and weight 19
2020-09-11T01:05:39.454Z [app] info: Calling Services
2020-09-11T01:05:39.455Z [app] info: calculate imc
2020-09-11T01:05:39.455Z [app] info: calculate score
2020-09-11T01:05:39.456Z [app] info: build Response
2020-09-11T01:05:39.456Z [app] info: abaixo do peso
2020-09-11T01:05:48.120Z [app] info: height 16089 and weight 19
2020-09-11T01:05:48.121Z [app] info: Calling Services
2020-09-11T01:05:48.121Z [app] info: calculate imc
2020-09-11T01:05:48.121Z [app] info: calculate score
2020-09-11T01:05:48.122Z [app] info: build Response
2020-09-11T01:05:48.122Z [app] error: parametros inválidos
2020-09-11T01:06:03.407Z [app] info: height 168 and weight 19
2020-09-11T01:06:03.407Z [app] info: Calling Services
2020-09-11T01:06:03.407Z [app] info: calculate imc
2020-09-11T01:06:03.407Z [app] info: calculate score
2020-09-11T01:06:03.410Z [app] info: build Response
2020-09-11T01:06:03.411Z [app] info: abaixo do peso
2020-09-11T01:06:10.772Z [app] info: height 168 and weight 80
2020-09-11T01:06:10.774Z [app] info: Calling Services
2020-09-11T01:06:10.774Z [app] info: calculate imc
2020-09-11T01:06:10.774Z [app] info: calculate score
2020-09-11T01:06:10.774Z [app] info: build Response
2020-09-11T01:06:10.774Z [app] info: acima do peso
